Switching to group 'render' and re-executing...
True
Checking GPU Availability...
Torch version: 2.9.1+rocm7.1.1.git351ff442
Is ROCm/CUDA available?: True
Device count: 1
-------------------------------------------
Processing dataset: unitree_z1_stackbox
2026-01-29 01:24:25.896586: I tensorflow/core/util/port.cc:113] oneDNN custom operations are on. You may see slightly different numerical results due to floating-point round-off errors from different computation orders. To turn them off, set the environment variable `TF_ENABLE_ONEDNN_OPTS=0`.
2026-01-29 01:24:25.930815: E external/local_xla/xla/stream_executor/cuda/cuda_dnn.cc:9261] Unable to register cuDNN factory: Attempting to register factory for plugin cuDNN when one has already been registered
2026-01-29 01:24:25.930869: E external/local_xla/xla/stream_executor/cuda/cuda_fft.cc:607] Unable to register cuFFT factory: Attempting to register factory for plugin cuFFT when one has already been registered
2026-01-29 01:24:25.932505: E external/local_xla/xla/stream_executor/cuda/cuda_blas.cc:1515] Unable to register cuBLAS factory: Attempting to register factory for plugin cuBLAS when one has already been registered
2026-01-29 01:24:25.940252: I tensorflow/core/platform/cpu_feature_guard.cc:182] This TensorFlow binary is optimized to use available CPU instructions in performance-critical operations.
To enable the following instructions: AVX2 AVX512F AVX512_VNNI AVX512_BF16 FMA, in other operations, rebuild TensorFlow with the appropriate compiler flags.
2026-01-29 01:24:26.603554: W tensorflow/compiler/tf2tensorrt/utils/py_utils.cc:38] TF-TRT Warning: Could not find TensorRT
[rank: 0] Global seed set to 123
INFO:root:[INFO] Start Inference
INFO:root:init valueable: 0.004044s
/mnt/ASC1664/miniconda3/envs/unifolm-wma/lib/python3.10/site-packages/kornia/feature/lightglue.py:44: FutureWarning: `torch.cuda.amp.custom_fwd(args...)` is deprecated. Please use `torch.amp.custom_fwd(args..., device_type='cuda')` instead.
  @torch.cuda.amp.custom_fwd(cast_inputs=torch.float32)
INFO:mainlogger:LatentVisualDiffusion: Running in v-prediction mode
WARNING:xformers:WARNING[XFORMERS]: xFormers can't load C++/CUDA extensions. xFormers was built for:
    PyTorch 2.3.1+cu121 with CUDA 1201 (you have 2.9.1+rocm7.1.1.git351ff442)
    Python  3.10.14 (you have 3.10.18)
  Please reinstall xformers (see https://github.com/facebookresearch/xformers#installing-xformers)
  Memory-efficient attention, SwiGLU, sparse and more won't be available.
  Set XFORMERS_MORE_DETAILS=1 for more details
/mnt/ASC1664/miniconda3/envs/unifolm-wma/lib/python3.10/site-packages/xformers/ops/swiglu_op.py:128: FutureWarning: `torch.cuda.amp.custom_fwd(args...)` is deprecated. Please use `torch.amp.custom_fwd(args..., device_type='cuda')` instead.
  def forward(cls, ctx, x, w1, b1, w2, b2, w3, b3):
/mnt/ASC1664/miniconda3/envs/unifolm-wma/lib/python3.10/site-packages/xformers/ops/swiglu_op.py:149: FutureWarning: `torch.cuda.amp.custom_bwd(args...)` is deprecated. Please use `torch.amp.custom_bwd(args..., device_type='cuda')` instead.
  def backward(cls, ctx, dx5):
INFO:unifolm_wma.models.diffusion_head.conditional_unet1d:number of parameters: 5.010531e+08
INFO:unifolm_wma.models.diffusion_head.conditional_unet1d:number of parameters: 5.010531e+08
AE working on z of shape (1, 4, 32, 32) = 4096 dimensions.
INFO:root:Loaded ViT-H-14 model config.
INFO:root:Loaded ViT-H-14 model config.
INFO:root:load models: 27.711016s
>>> model checkpoint loaded.
>>> Load pre-trained model ...
INFO:root:load model checkpoint: 29.267245s
INFO:root:***** Configing Data *****
>>> unitree_z1_stackbox: 1 data samples loaded.
>>> unitree_z1_stackbox: data stats loaded.
>>> unitree_z1_stackbox: normalizer initiated.
>>> unitree_z1_dual_arm_stackbox: 1 data samples loaded.
>>> unitree_z1_dual_arm_stackbox: data stats loaded.
>>> unitree_z1_dual_arm_stackbox: normalizer initiated.
>>> unitree_z1_dual_arm_stackbox_v2: 1 data samples loaded.
>>> unitree_z1_dual_arm_stackbox_v2: data stats loaded.
>>> unitree_z1_dual_arm_stackbox_v2: normalizer initiated.
>>> unitree_z1_dual_arm_cleanup_pencils: 1 data samples loaded.
>>> unitree_z1_dual_arm_cleanup_pencils: data stats loaded.
>>> unitree_z1_dual_arm_cleanup_pencils: normalizer initiated.
>>> unitree_g1_pack_camera: 1 data samples loaded.
>>> unitree_g1_pack_camera: data stats loaded.
>>> unitree_g1_pack_camera: normalizer initiated.
>>> Dataset is successfully loaded ...
INFO:root:load data: 0.124074s
>>> Generate 16 frames under each generation ...
INFO:root:set up data: 0.000025s
INFO:root:[INFO] Start running Inference
INFO:root:get_init_frame_path: 0.000033s
INFO:root:mkdir: 0.000089s
INFO:root:get_transition_path: 0.000009s
DEBUG:h5py._conv:Creating converter from 3 to 5
INFO:root:load file h5py: 0.003506s
INFO:root:[INFO] start ruxnning on loop frame_stride
INFO:root:mkdir => save dir: 0.000053s
INFO:root:init value: 0.000006s
DEBUG:PIL.PngImagePlugin:STREAM b'IHDR' 16 13
DEBUG:PIL.PngImagePlugin:STREAM b'IDAT' 41 65536
INFO:root:PIL open image : 0.007360s
INFO:root:create action & state: 0.000198s
INFO:root:normalize action - state: 0.000504s
INFO:root:spatial_transform: 0.000763s
INFO:root:prepare_init_input : 0.009716s
INFO:root:init observation : 0.007521s
INFO:root:init condition input w/ populate_queues: 0.000012s
INFO:root:[INFO] start running on loop n_iter
INFO:root:[INFO] start 1/12 n_iter (start with idx:1)
INFO:root:get decision model observation: 0.029145s
>>> Step 1: generating actions ...
INFO:root:[INFO] Step 1: generating actions ...
INFO:root:[INFO] IN image_guided_synthesis_sim_mode function
INFO:root:init model & noise: 0.000128s
INFO:root:permute image: 0.000007s
INFO:root:rearrange image: 0.001919s
/mnt/ASC1664/miniconda3/envs/unifolm-wma/lib/python3.10/site-packages/torch/nn/functional.py:6487: UserWarning: Flash Efficient attention on Current AMD GPU is still experimental. Enable it with TORCH_ROCM_AOTRITON_ENABLE_EXPERIMENTAL=1. (Triggered internally at /pytorch/aten/src/ATen/native/transformers/hip/sdp_utils.cpp:309.)
  attn_output = scaled_dot_product_attention(
/mnt/ASC1664/miniconda3/envs/unifolm-wma/lib/python3.10/site-packages/torch/nn/functional.py:6487: UserWarning: Mem Efficient attention on Current AMD GPU is still experimental. Enable it with TORCH_ROCM_AOTRITON_ENABLE_EXPERIMENTAL=1. (Triggered internally at /pytorch/aten/src/ATen/native/transformers/hip/sdp_utils.cpp:360.)
  attn_output = scaled_dot_product_attention(
INFO:root:CLIP Embedded Image: 0.768016s
INFO:root:Projector Image model: 0.003820s
INFO:root:get_latent_z: 0.147456s
INFO:root:Embedded Prompt: 0.030500s
INFO:root:Projector state: 0.000195s
INFO:root:Projector action: 0.000147s
INFO:root:Apply model logic: 157.554119s #WTF
INFO:root:[INFO] Done image_guided_synthesis_sim_mode function
INFO:root:update condition input w/ populate_queues: 0.000007s
INFO:root:update condition input w/ populate_queues: 0.000001s
INFO:root:update condition input w/ populate_queues: 0.000001s
INFO:root:update condition input w/ populate_queues: 0.000001s
INFO:root:update condition input w/ populate_queues: 0.000001s
INFO:root:update condition input w/ populate_queues: 0.000001s
INFO:root:update condition input w/ populate_queues: 0.000001s
INFO:root:update condition input w/ populate_queues: 0.000001s
INFO:root:update condition input w/ populate_queues: 0.000001s
INFO:root:update condition input w/ populate_queues: 0.000001s
INFO:root:update condition input w/ populate_queues: 0.000001s
INFO:root:update condition input w/ populate_queues: 0.000001s
INFO:root:update condition input w/ populate_queues: 0.000001s
INFO:root:update condition input w/ populate_queues: 0.000001s
INFO:root:update condition input w/ populate_queues: 0.000001s
INFO:root:update condition input w/ populate_queues: 0.000005s
INFO:root:updateing observation by decesion model action output: 0.000641s
>>> Step 1: interacting with world model ...
INFO:root:[INFO] Step 1: interacting with world model ...
INFO:root:[INFO] IN image_guided_synthesis_sim_mode function
INFO:root:init model & noise: 0.625567s
INFO:root:permute image: 0.000036s
INFO:root:rearrange image: 0.000049s
INFO:root:CLIP Embedded Image: 0.015780s
INFO:root:Projector Image model: 0.002150s
INFO:root:get_latent_z: 0.139752s
INFO:root:Embedded Prompt: 0.012391s
INFO:root:Projector state: 0.000159s
INFO:root:Projector action: 0.000133s
INFO:root:Apply model logic: 157.365039s
INFO:root:[INFO] Done image_guided_synthesis_sim_mode function
INFO:root:update condition input w/ populate_queues: 0.000014s
INFO:root:update condition input w/ populate_queues: 0.000013s
INFO:root:update condition input w/ populate_queues: 0.000002s
INFO:root:update condition input w/ populate_queues: 0.000002s
INFO:root:update condition input w/ populate_queues: 0.000002s
INFO:root:update condition input w/ populate_queues: 0.000002s
INFO:root:update condition input w/ populate_queues: 0.000002s
INFO:root:update condition input w/ populate_queues: 0.000002s
INFO:root:update condition input w/ populate_queues: 0.000002s
INFO:root:update condition input w/ populate_queues: 0.000002s
INFO:root:update condition input w/ populate_queues: 0.000002s
INFO:root:update condition input w/ populate_queues: 0.000002s
INFO:root:update condition input w/ populate_queues: 0.000003s
INFO:root:update condition input w/ populate_queues: 0.000003s
INFO:root:update condition input w/ populate_queues: 0.000002s
INFO:root:update condition input w/ populate_queues: 0.000002s
INFO:root:updateing observation by world model state output: 0.000878s
DEBUG:PIL.Image:Importing BlpImagePlugin
DEBUG:PIL.Image:Importing BmpImagePlugin
DEBUG:PIL.Image:Importing BufrStubImagePlugin
DEBUG:PIL.Image:Importing CurImagePlugin
DEBUG:PIL.Image:Importing DcxImagePlugin
DEBUG:PIL.Image:Importing DdsImagePlugin
DEBUG:PIL.Image:Importing EpsImagePlugin
DEBUG:PIL.Image:Importing FitsImagePlugin
DEBUG:PIL.Image:Importing FitsStubImagePlugin
DEBUG:PIL.Image:Importing FliImagePlugin
DEBUG:PIL.Image:Importing FpxImagePlugin
DEBUG:PIL.Image:Image: failed to import FpxImagePlugin: No module named 'olefile'
DEBUG:PIL.Image:Importing FtexImagePlugin
DEBUG:PIL.Image:Importing GbrImagePlugin
DEBUG:PIL.Image:Importing GifImagePlugin
DEBUG:PIL.Image:Importing GribStubImagePlugin
DEBUG:PIL.Image:Importing Hdf5StubImagePlugin
DEBUG:PIL.Image:Importing IcnsImagePlugin
DEBUG:PIL.Image:Importing IcoImagePlugin
DEBUG:PIL.Image:Importing ImImagePlugin
DEBUG:PIL.Image:Importing ImtImagePlugin
DEBUG:PIL.Image:Importing IptcImagePlugin
DEBUG:PIL.Image:Importing JpegImagePlugin
DEBUG:PIL.Image:Importing Jpeg2KImagePlugin
DEBUG:PIL.Image:Importing McIdasImagePlugin
DEBUG:PIL.Image:Importing MicImagePlugin
DEBUG:PIL.Image:Image: failed to import MicImagePlugin: No module named 'olefile'
DEBUG:PIL.Image:Importing MpegImagePlugin
DEBUG:PIL.Image:Importing MpoImagePlugin
DEBUG:PIL.Image:Importing MspImagePlugin
DEBUG:PIL.Image:Importing PalmImagePlugin
DEBUG:PIL.Image:Importing PcdImagePlugin
DEBUG:PIL.Image:Importing PcxImagePlugin
DEBUG:PIL.Image:Importing PdfImagePlugin
DEBUG:PIL.Image:Importing PixarImagePlugin
DEBUG:PIL.Image:Importing PngImagePlugin
DEBUG:PIL.Image:Importing PpmImagePlugin
DEBUG:PIL.Image:Importing PsdImagePlugin
DEBUG:PIL.Image:Importing QoiImagePlugin
DEBUG:PIL.Image:Importing SgiImagePlugin
DEBUG:PIL.Image:Importing SpiderImagePlugin
DEBUG:PIL.Image:Importing SunImagePlugin
DEBUG:PIL.Image:Importing TgaImagePlugin
DEBUG:PIL.Image:Importing TiffImagePlugin
DEBUG:PIL.Image:Importing WebPImagePlugin
DEBUG:PIL.Image:Importing WmfImagePlugin
DEBUG:PIL.Image:Importing XbmImagePlugin
DEBUG:PIL.Image:Importing XpmImagePlugin
DEBUG:PIL.Image:Importing XVThumbImagePlugin
WARNING:py.warnings:/mnt/ASC1664/miniconda3/envs/unifolm-wma/lib/python3.10/site-packages/torchvision/io/_video_deprecation_warning.py:9: UserWarning: The video decoding and encoding capabilities of torchvision are deprecated from version 0.22 and will be removed in version 0.24. We recommend that you migrate to TorchCodec, where we'll consolidate the future decoding/encoding capabilities of PyTorch: https://github.com/pytorch/torchcodec
  warnings.warn(

>>>>>>>>>>>>>>>>>>>>>>>>
INFO:root:save output (not nesscary): 2.565857s
INFO:root:insert image into list (video output): 0.015480s
INFO:root:[INFO] start 2/12 n_iter (start with idx:1)
INFO:root:get decision model observation: 0.000166s
>>> Step 2: generating actions ...
INFO:root:[INFO] Step 2: generating actions ...
INFO:root:[INFO] IN image_guided_synthesis_sim_mode function
INFO:root:init model & noise: 0.000143s
INFO:root:permute image: 0.000006s
INFO:root:rearrange image: 0.000065s
INFO:root:CLIP Embedded Image: 0.015741s
INFO:root:Projector Image model: 0.002215s
INFO:root:get_latent_z: 0.139741s
INFO:root:Embedded Prompt: 0.011520s
INFO:root:Projector state: 0.000172s
INFO:root:Projector action: 0.000126s
INFO:root:Apply model logic: 157.270331s
INFO:root:[INFO] Done image_guided_synthesis_sim_mode function
INFO:root:update condition input w/ populate_queues: 0.000016s
INFO:root:update condition input w/ populate_queues: 0.000006s
INFO:root:update condition input w/ populate_queues: 0.000005s
INFO:root:update condition input w/ populate_queues: 0.000006s
INFO:root:update condition input w/ populate_queues: 0.000004s
INFO:root:update condition input w/ populate_queues: 0.000002s
INFO:root:update condition input w/ populate_queues: 0.000004s
INFO:root:update condition input w/ populate_queues: 0.000002s
INFO:root:update condition input w/ populate_queues: 0.000002s
INFO:root:update condition input w/ populate_queues: 0.000002s
INFO:root:update condition input w/ populate_queues: 0.000002s
INFO:root:update condition input w/ populate_queues: 0.000002s
INFO:root:update condition input w/ populate_queues: 0.000002s
INFO:root:update condition input w/ populate_queues: 0.000002s
INFO:root:update condition input w/ populate_queues: 0.000002s
INFO:root:update condition input w/ populate_queues: 0.000002s
INFO:root:updateing observation by decesion model action output: 0.000715s
>>> Step 2: interacting with world model ...
INFO:root:[INFO] Step 2: interacting with world model ...
INFO:root:[INFO] IN image_guided_synthesis_sim_mode function
INFO:root:init model & noise: 0.593911s
INFO:root:permute image: 0.000032s
INFO:root:rearrange image: 0.000058s
INFO:root:CLIP Embedded Image: 0.016532s
INFO:root:Projector Image model: 0.002207s
INFO:root:get_latent_z: 0.138663s
INFO:root:Embedded Prompt: 0.011421s
INFO:root:Projector state: 0.000167s
INFO:root:Projector action: 0.000129s
INFO:root:Apply model logic: 157.230883s
INFO:root:[INFO] Done image_guided_synthesis_sim_mode function
INFO:root:update condition input w/ populate_queues: 0.000020s
INFO:root:update condition input w/ populate_queues: 0.000012s
INFO:root:update condition input w/ populate_queues: 0.000007s
INFO:root:update condition input w/ populate_queues: 0.000003s
INFO:root:update condition input w/ populate_queues: 0.000005s
INFO:root:update condition input w/ populate_queues: 0.000004s
INFO:root:update condition input w/ populate_queues: 0.000002s
INFO:root:update condition input w/ populate_queues: 0.000002s
INFO:root:update condition input w/ populate_queues: 0.000002s
INFO:root:update condition input w/ populate_queues: 0.000002s
INFO:root:update condition input w/ populate_queues: 0.000002s
INFO:root:update condition input w/ populate_queues: 0.000002s
INFO:root:update condition input w/ populate_queues: 0.000002s
INFO:root:update condition input w/ populate_queues: 0.000002s
INFO:root:update condition input w/ populate_queues: 0.000002s
INFO:root:update condition input w/ populate_queues: 0.000002s
INFO:root:updateing observation by world model state output: 0.000883s
>>>>>>>>>>>>>>>>>>>>>>>>
INFO:root:save output (not nesscary): 2.377490s
INFO:root:insert image into list (video output): 0.010096s
INFO:root:[INFO] start 3/12 n_iter (start with idx:1)
INFO:root:get decision model observation: 0.000148s
>>> Step 3: generating actions ...
INFO:root:[INFO] Step 3: generating actions ...
INFO:root:[INFO] IN image_guided_synthesis_sim_mode function
INFO:root:init model & noise: 0.000116s
INFO:root:permute image: 0.000006s
INFO:root:rearrange image: 0.000037s
INFO:root:CLIP Embedded Image: 0.016050s
INFO:root:Projector Image model: 0.002209s
INFO:root:get_latent_z: 0.139156s
INFO:root:Embedded Prompt: 0.011789s
INFO:root:Projector state: 0.000164s
INFO:root:Projector action: 0.000126s
INFO:root:Apply model logic: 157.272961s
INFO:root:[INFO] Done image_guided_synthesis_sim_mode function
INFO:root:update condition input w/ populate_queues: 0.000014s
INFO:root:update condition input w/ populate_queues: 0.000006s
INFO:root:update condition input w/ populate_queues: 0.000005s
INFO:root:update condition input w/ populate_queues: 0.000005s
INFO:root:update condition input w/ populate_queues: 0.000005s
INFO:root:update condition input w/ populate_queues: 0.000004s
INFO:root:update condition input w/ populate_queues: 0.000005s
INFO:root:update condition input w/ populate_queues: 0.000002s
INFO:root:update condition input w/ populate_queues: 0.000002s
INFO:root:update condition input w/ populate_queues: 0.000002s
INFO:root:update condition input w/ populate_queues: 0.000002s
INFO:root:update condition input w/ populate_queues: 0.000002s
INFO:root:update condition input w/ populate_queues: 0.000002s
INFO:root:update condition input w/ populate_queues: 0.000002s
INFO:root:update condition input w/ populate_queues: 0.000002s
INFO:root:update condition input w/ populate_queues: 0.000002s
INFO:root:updateing observation by decesion model action output: 0.000735s
>>> Step 3: interacting with world model ...
INFO:root:[INFO] Step 3: interacting with world model ...
INFO:root:[INFO] IN image_guided_synthesis_sim_mode function
INFO:root:init model & noise: 0.598211s
INFO:root:permute image: 0.000033s
INFO:root:rearrange image: 0.000063s
INFO:root:CLIP Embedded Image: 0.016918s
INFO:root:Projector Image model: 0.002303s
INFO:root:get_latent_z: 0.138055s
INFO:root:Embedded Prompt: 0.011515s
INFO:root:Projector state: 0.000178s
INFO:root:Projector action: 0.000130s
INFO:root:Apply model logic: 157.173555s
INFO:root:[INFO] Done image_guided_synthesis_sim_mode function
INFO:root:update condition input w/ populate_queues: 0.000011s
INFO:root:update condition input w/ populate_queues: 0.000009s
INFO:root:update condition input w/ populate_queues: 0.000003s
INFO:root:update condition input w/ populate_queues: 0.000002s
INFO:root:update condition input w/ populate_queues: 0.000002s
INFO:root:update condition input w/ populate_queues: 0.000005s
INFO:root:update condition input w/ populate_queues: 0.000005s
INFO:root:update condition input w/ populate_queues: 0.000002s
INFO:root:update condition input w/ populate_queues: 0.000002s
INFO:root:update condition input w/ populate_queues: 0.000002s
INFO:root:update condition input w/ populate_queues: 0.000002s
INFO:root:update condition input w/ populate_queues: 0.000002s
INFO:root:update condition input w/ populate_queues: 0.000002s
INFO:root:update condition input w/ populate_queues: 0.000002s
INFO:root:update condition input w/ populate_queues: 0.000002s
INFO:root:update condition input w/ populate_queues: 0.000002s
INFO:root:updateing observation by world model state output: 0.000831s
>>>>>>>>>>>>>>>>>>>>>>>>
INFO:root:save output (not nesscary): 2.416335s
INFO:root:insert image into list (video output): 0.011201s
INFO:root:[INFO] start 4/12 n_iter (start with idx:1)
INFO:root:get decision model observation: 0.000143s
>>> Step 4: generating actions ...
INFO:root:[INFO] Step 4: generating actions ...
INFO:root:[INFO] IN image_guided_synthesis_sim_mode function
INFO:root:init model & noise: 0.000119s
INFO:root:permute image: 0.000005s
INFO:root:rearrange image: 0.000058s
INFO:root:CLIP Embedded Image: 0.016075s
INFO:root:Projector Image model: 0.002215s
INFO:root:get_latent_z: 0.139172s
INFO:root:Embedded Prompt: 0.011714s
INFO:root:Projector state: 0.000153s
INFO:root:Projector action: 0.000135s
INFO:root:Apply model logic: 157.336461s
INFO:root:[INFO] Done image_guided_synthesis_sim_mode function
INFO:root:update condition input w/ populate_queues: 0.000014s
INFO:root:update condition input w/ populate_queues: 0.000005s
INFO:root:update condition input w/ populate_queues: 0.000003s
INFO:root:update condition input w/ populate_queues: 0.000005s
INFO:root:update condition input w/ populate_queues: 0.000005s
INFO:root:update condition input w/ populate_queues: 0.000002s
INFO:root:update condition input w/ populate_queues: 0.000002s
INFO:root:update condition input w/ populate_queues: 0.000006s
INFO:root:update condition input w/ populate_queues: 0.000003s
INFO:root:update condition input w/ populate_queues: 0.000007s
INFO:root:update condition input w/ populate_queues: 0.000004s
INFO:root:update condition input w/ populate_queues: 0.000002s
INFO:root:update condition input w/ populate_queues: 0.000004s
INFO:root:update condition input w/ populate_queues: 0.000002s
INFO:root:update condition input w/ populate_queues: 0.000002s
INFO:root:update condition input w/ populate_queues: 0.000002s
INFO:root:updateing observation by decesion model action output: 0.000726s
>>> Step 4: interacting with world model ...
INFO:root:[INFO] Step 4: interacting with world model ...
INFO:root:[INFO] IN image_guided_synthesis_sim_mode function
INFO:root:init model & noise: 0.597400s
INFO:root:permute image: 0.000032s
INFO:root:rearrange image: 0.000058s
INFO:root:CLIP Embedded Image: 0.016546s
INFO:root:Projector Image model: 0.002252s
INFO:root:get_latent_z: 0.138174s
INFO:root:Embedded Prompt: 0.011566s
INFO:root:Projector state: 0.000156s
INFO:root:Projector action: 0.000129s
INFO:root:Apply model logic: 157.293754s
INFO:root:[INFO] Done image_guided_synthesis_sim_mode function
INFO:root:update condition input w/ populate_queues: 0.000014s
INFO:root:update condition input w/ populate_queues: 0.000007s
INFO:root:update condition input w/ populate_queues: 0.000003s
INFO:root:update condition input w/ populate_queues: 0.000005s
INFO:root:update condition input w/ populate_queues: 0.000002s
INFO:root:update condition input w/ populate_queues: 0.000004s
INFO:root:update condition input w/ populate_queues: 0.000002s
INFO:root:update condition input w/ populate_queues: 0.000002s
INFO:root:update condition input w/ populate_queues: 0.000002s
INFO:root:update condition input w/ populate_queues: 0.000006s
INFO:root:update condition input w/ populate_queues: 0.000006s
INFO:root:update condition input w/ populate_queues: 0.000006s
INFO:root:update condition input w/ populate_queues: 0.000005s
INFO:root:update condition input w/ populate_queues: 0.000004s
INFO:root:update condition input w/ populate_queues: 0.000002s
INFO:root:update condition input w/ populate_queues: 0.000002s
INFO:root:updateing observation by world model state output: 0.000904s
>>>>>>>>>>>>>>>>>>>>>>>>
INFO:root:save output (not nesscary): 2.454855s
INFO:root:insert image into list (video output): 0.012410s
INFO:root:[INFO] start 5/12 n_iter (start with idx:1)
INFO:root:get decision model observation: 0.000151s
>>> Step 5: generating actions ...
INFO:root:[INFO] Step 5: generating actions ...
INFO:root:[INFO] IN image_guided_synthesis_sim_mode function
INFO:root:init model & noise: 0.000121s
INFO:root:permute image: 0.000005s
INFO:root:rearrange image: 0.000047s
INFO:root:CLIP Embedded Image: 0.016352s
INFO:root:Projector Image model: 0.002244s
INFO:root:get_latent_z: 0.138680s
INFO:root:Embedded Prompt: 0.011909s
INFO:root:Projector state: 0.000157s
INFO:root:Projector action: 0.000129s
INFO:root:Apply model logic: 157.138786s
INFO:root:[INFO] Done image_guided_synthesis_sim_mode function
INFO:root:update condition input w/ populate_queues: 0.000014s
INFO:root:update condition input w/ populate_queues: 0.000005s
INFO:root:update condition input w/ populate_queues: 0.000002s
INFO:root:update condition input w/ populate_queues: 0.000002s
INFO:root:update condition input w/ populate_queues: 0.000002s
INFO:root:update condition input w/ populate_queues: 0.000002s
INFO:root:update condition input w/ populate_queues: 0.000002s
INFO:root:update condition input w/ populate_queues: 0.000002s
INFO:root:update condition input w/ populate_queues: 0.000002s
INFO:root:update condition input w/ populate_queues: 0.000004s
INFO:root:update condition input w/ populate_queues: 0.000002s
INFO:root:update condition input w/ populate_queues: 0.000002s
INFO:root:update condition input w/ populate_queues: 0.000002s
INFO:root:update condition input w/ populate_queues: 0.000002s
INFO:root:update condition input w/ populate_queues: 0.000008s
INFO:root:update condition input w/ populate_queues: 0.000005s
INFO:root:updateing observation by decesion model action output: 0.000728s
>>> Step 5: interacting with world model ...
INFO:root:[INFO] Step 5: interacting with world model ...
INFO:root:[INFO] IN image_guided_synthesis_sim_mode function
INFO:root:init model & noise: 0.597537s
INFO:root:permute image: 0.000032s
INFO:root:rearrange image: 0.000058s
INFO:root:CLIP Embedded Image: 0.016896s
INFO:root:Projector Image model: 0.002197s
INFO:root:get_latent_z: 0.138285s
INFO:root:Embedded Prompt: 0.011644s
INFO:root:Projector state: 0.000168s
INFO:root:Projector action: 0.000133s
INFO:root:Apply model logic: 157.274277s
INFO:root:[INFO] Done image_guided_synthesis_sim_mode function
INFO:root:update condition input w/ populate_queues: 0.000021s
INFO:root:update condition input w/ populate_queues: 0.000008s
INFO:root:update condition input w/ populate_queues: 0.000003s
INFO:root:update condition input w/ populate_queues: 0.000005s
INFO:root:update condition input w/ populate_queues: 0.000002s
INFO:root:update condition input w/ populate_queues: 0.000002s
INFO:root:update condition input w/ populate_queues: 0.000002s
INFO:root:update condition input w/ populate_queues: 0.000002s
INFO:root:update condition input w/ populate_queues: 0.000002s
INFO:root:update condition input w/ populate_queues: 0.000002s
INFO:root:update condition input w/ populate_queues: 0.000002s
INFO:root:update condition input w/ populate_queues: 0.000005s
INFO:root:update condition input w/ populate_queues: 0.000002s
INFO:root:update condition input w/ populate_queues: 0.000002s
INFO:root:update condition input w/ populate_queues: 0.000002s
INFO:root:update condition input w/ populate_queues: 0.000002s
INFO:root:updateing observation by world model state output: 0.000879s
>>>>>>>>>>>>>>>>>>>>>>>>
INFO:root:save output (not nesscary): 2.438583s
INFO:root:insert image into list (video output): 0.009622s
INFO:root:[INFO] start 6/12 n_iter (start with idx:1)
INFO:root:get decision model observation: 0.000139s
>>> Step 6: generating actions ...
INFO:root:[INFO] Step 6: generating actions ...
INFO:root:[INFO] IN image_guided_synthesis_sim_mode function
INFO:root:init model & noise: 0.000110s
INFO:root:permute image: 0.000005s
INFO:root:rearrange image: 0.000036s
INFO:root:CLIP Embedded Image: 0.017860s
INFO:root:Projector Image model: 0.002240s
INFO:root:get_latent_z: 0.137406s
INFO:root:Embedded Prompt: 0.011846s
INFO:root:Projector state: 0.000153s
INFO:root:Projector action: 0.000126s
INFO:root:Apply model logic: 157.268920s
INFO:root:[INFO] Done image_guided_synthesis_sim_mode function
INFO:root:update condition input w/ populate_queues: 0.000016s
INFO:root:update condition input w/ populate_queues: 0.000008s
INFO:root:update condition input w/ populate_queues: 0.000003s
INFO:root:update condition input w/ populate_queues: 0.000005s
INFO:root:update condition input w/ populate_queues: 0.000006s
INFO:root:update condition input w/ populate_queues: 0.000004s
INFO:root:update condition input w/ populate_queues: 0.000002s
INFO:root:update condition input w/ populate_queues: 0.000003s
INFO:root:update condition input w/ populate_queues: 0.000005s
INFO:root:update condition input w/ populate_queues: 0.000002s
INFO:root:update condition input w/ populate_queues: 0.000002s
INFO:root:update condition input w/ populate_queues: 0.000004s
INFO:root:update condition input w/ populate_queues: 0.000004s
INFO:root:update condition input w/ populate_queues: 0.000004s
INFO:root:update condition input w/ populate_queues: 0.000002s
INFO:root:update condition input w/ populate_queues: 0.000004s
INFO:root:updateing observation by decesion model action output: 0.000715s
>>> Step 6: interacting with world model ...
INFO:root:[INFO] Step 6: interacting with world model ...
INFO:root:[INFO] IN image_guided_synthesis_sim_mode function
INFO:root:init model & noise: 0.596956s
INFO:root:permute image: 0.000031s
INFO:root:rearrange image: 0.000060s
INFO:root:CLIP Embedded Image: 0.017149s
INFO:root:Projector Image model: 0.002251s
INFO:root:get_latent_z: 0.138025s
INFO:root:Embedded Prompt: 0.011933s
INFO:root:Projector state: 0.000160s
INFO:root:Projector action: 0.000130s
INFO:root:Apply model logic: 157.261497s
INFO:root:[INFO] Done image_guided_synthesis_sim_mode function
INFO:root:update condition input w/ populate_queues: 0.000019s
INFO:root:update condition input w/ populate_queues: 0.000012s
INFO:root:update condition input w/ populate_queues: 0.000006s
INFO:root:update condition input w/ populate_queues: 0.000006s
INFO:root:update condition input w/ populate_queues: 0.000002s
INFO:root:update condition input w/ populate_queues: 0.000004s
INFO:root:update condition input w/ populate_queues: 0.000005s
INFO:root:update condition input w/ populate_queues: 0.000004s
INFO:root:update condition input w/ populate_queues: 0.000004s
INFO:root:update condition input w/ populate_queues: 0.000002s
INFO:root:update condition input w/ populate_queues: 0.000005s
INFO:root:update condition input w/ populate_queues: 0.000002s
INFO:root:update condition input w/ populate_queues: 0.000002s
INFO:root:update condition input w/ populate_queues: 0.000002s
INFO:root:update condition input w/ populate_queues: 0.000005s
INFO:root:update condition input w/ populate_queues: 0.000002s
INFO:root:updateing observation by world model state output: 0.000884s
>>>>>>>>>>>>>>>>>>>>>>>>
INFO:root:save output (not nesscary): 2.412425s
INFO:root:insert image into list (video output): 0.011005s
INFO:root:[INFO] start 7/12 n_iter (start with idx:1)
INFO:root:get decision model observation: 0.000139s
>>> Step 7: generating actions ...
INFO:root:[INFO] Step 7: generating actions ...
INFO:root:[INFO] IN image_guided_synthesis_sim_mode function
INFO:root:init model & noise: 0.000116s
INFO:root:permute image: 0.000005s
INFO:root:rearrange image: 0.000035s
INFO:root:CLIP Embedded Image: 0.016687s
INFO:root:Projector Image model: 0.002301s
INFO:root:get_latent_z: 0.138467s
INFO:root:Embedded Prompt: 0.012763s
INFO:root:Projector state: 0.000161s
INFO:root:Projector action: 0.000128s
INFO:root:Apply model logic: 157.265573s
INFO:root:[INFO] Done image_guided_synthesis_sim_mode function
INFO:root:update condition input w/ populate_queues: 0.000016s
INFO:root:update condition input w/ populate_queues: 0.000005s
INFO:root:update condition input w/ populate_queues: 0.000004s
INFO:root:update condition input w/ populate_queues: 0.000004s
INFO:root:update condition input w/ populate_queues: 0.000002s
INFO:root:update condition input w/ populate_queues: 0.000002s
INFO:root:update condition input w/ populate_queues: 0.000005s
INFO:root:update condition input w/ populate_queues: 0.000008s
INFO:root:update condition input w/ populate_queues: 0.000006s
INFO:root:update condition input w/ populate_queues: 0.000004s
INFO:root:update condition input w/ populate_queues: 0.000002s
INFO:root:update condition input w/ populate_queues: 0.000002s
INFO:root:update condition input w/ populate_queues: 0.000002s
INFO:root:update condition input w/ populate_queues: 0.000005s
INFO:root:update condition input w/ populate_queues: 0.000004s
INFO:root:update condition input w/ populate_queues: 0.000004s
INFO:root:updateing observation by decesion model action output: 0.000723s
>>> Step 7: interacting with world model ...
INFO:root:[INFO] Step 7: interacting with world model ...
INFO:root:[INFO] IN image_guided_synthesis_sim_mode function
INFO:root:init model & noise: 0.603876s
INFO:root:permute image: 0.000033s
INFO:root:rearrange image: 0.000058s
INFO:root:CLIP Embedded Image: 0.017125s
INFO:root:Projector Image model: 0.002269s
INFO:root:get_latent_z: 0.138449s
INFO:root:Embedded Prompt: 0.012054s
INFO:root:Projector state: 0.000165s
INFO:root:Projector action: 0.000132s
INFO:root:Apply model logic: 157.181338s
INFO:root:[INFO] Done image_guided_synthesis_sim_mode function
INFO:root:update condition input w/ populate_queues: 0.000016s
INFO:root:update condition input w/ populate_queues: 0.000011s
INFO:root:update condition input w/ populate_queues: 0.000005s
INFO:root:update condition input w/ populate_queues: 0.000004s
INFO:root:update condition input w/ populate_queues: 0.000005s
INFO:root:update condition input w/ populate_queues: 0.000002s
INFO:root:update condition input w/ populate_queues: 0.000002s
INFO:root:update condition input w/ populate_queues: 0.000013s
INFO:root:update condition input w/ populate_queues: 0.000006s
INFO:root:update condition input w/ populate_queues: 0.000004s
INFO:root:update condition input w/ populate_queues: 0.000004s
INFO:root:update condition input w/ populate_queues: 0.000002s
INFO:root:update condition input w/ populate_queues: 0.000002s
INFO:root:update condition input w/ populate_queues: 0.000002s
INFO:root:update condition input w/ populate_queues: 0.000002s
INFO:root:update condition input w/ populate_queues: 0.000002s
INFO:root:updateing observation by world model state output: 0.000905s
>>>>>>>>>>>>>>>>>>>>>>>>
INFO:root:save output (not nesscary): 2.447318s
INFO:root:insert image into list (video output): 0.009578s
INFO:root:[INFO] start 8/12 n_iter (start with idx:1)
INFO:root:get decision model observation: 0.000141s
>>> Step 8: generating actions ...
INFO:root:[INFO] Step 8: generating actions ...
INFO:root:[INFO] IN image_guided_synthesis_sim_mode function
INFO:root:init model & noise: 0.000117s
INFO:root:permute image: 0.000005s
INFO:root:rearrange image: 0.000059s
INFO:root:CLIP Embedded Image: 0.016103s
INFO:root:Projector Image model: 0.002602s
INFO:root:get_latent_z: 0.138700s
INFO:root:Embedded Prompt: 0.012268s
INFO:root:Projector state: 0.000175s
INFO:root:Projector action: 0.000130s
INFO:root:Apply model logic: 157.232251s
INFO:root:[INFO] Done image_guided_synthesis_sim_mode function
INFO:root:update condition input w/ populate_queues: 0.000014s
INFO:root:update condition input w/ populate_queues: 0.000006s
INFO:root:update condition input w/ populate_queues: 0.000005s
INFO:root:update condition input w/ populate_queues: 0.000002s
INFO:root:update condition input w/ populate_queues: 0.000002s
INFO:root:update condition input w/ populate_queues: 0.000002s
INFO:root:update condition input w/ populate_queues: 0.000004s
INFO:root:update condition input w/ populate_queues: 0.000004s
INFO:root:update condition input w/ populate_queues: 0.000004s
INFO:root:update condition input w/ populate_queues: 0.000002s
INFO:root:update condition input w/ populate_queues: 0.000002s
INFO:root:update condition input w/ populate_queues: 0.000004s
INFO:root:update condition input w/ populate_queues: 0.000006s
INFO:root:update condition input w/ populate_queues: 0.000004s
INFO:root:update condition input w/ populate_queues: 0.000002s
INFO:root:update condition input w/ populate_queues: 0.000002s
INFO:root:updateing observation by decesion model action output: 0.000692s
>>> Step 8: interacting with world model ...
INFO:root:[INFO] Step 8: interacting with world model ...
INFO:root:[INFO] IN image_guided_synthesis_sim_mode function
INFO:root:init model & noise: 0.594040s
INFO:root:permute image: 0.000032s
INFO:root:rearrange image: 0.000085s
INFO:root:CLIP Embedded Image: 0.017236s
INFO:root:Projector Image model: 0.002295s
INFO:root:get_latent_z: 0.137468s
INFO:root:Embedded Prompt: 0.012270s
INFO:root:Projector state: 0.000175s
INFO:root:Projector action: 0.000137s
INFO:root:Apply model logic: 157.270712s
INFO:root:[INFO] Done image_guided_synthesis_sim_mode function
INFO:root:update condition input w/ populate_queues: 0.000018s
INFO:root:update condition input w/ populate_queues: 0.000013s
INFO:root:update condition input w/ populate_queues: 0.000005s
INFO:root:update condition input w/ populate_queues: 0.000006s
INFO:root:update condition input w/ populate_queues: 0.000002s
INFO:root:update condition input w/ populate_queues: 0.000002s
INFO:root:update condition input w/ populate_queues: 0.000002s
INFO:root:update condition input w/ populate_queues: 0.000004s
INFO:root:update condition input w/ populate_queues: 0.000004s
INFO:root:update condition input w/ populate_queues: 0.000004s
INFO:root:update condition input w/ populate_queues: 0.000002s
INFO:root:update condition input w/ populate_queues: 0.000002s
INFO:root:update condition input w/ populate_queues: 0.000005s
INFO:root:update condition input w/ populate_queues: 0.000005s
INFO:root:update condition input w/ populate_queues: 0.000004s
INFO:root:update condition input w/ populate_queues: 0.000002s
INFO:root:updateing observation by world model state output: 0.000908s
>>>>>>>>>>>>>>>>>>>>>>>>
INFO:root:save output (not nesscary): 2.497443s
INFO:root:insert image into list (video output): 0.010032s
INFO:root:[INFO] start 9/12 n_iter (start with idx:1)
INFO:root:get decision model observation: 0.000134s
>>> Step 9: generating actions ...
INFO:root:[INFO] Step 9: generating actions ...
INFO:root:[INFO] IN image_guided_synthesis_sim_mode function
INFO:root:init model & noise: 0.000115s
INFO:root:permute image: 0.000006s
INFO:root:rearrange image: 0.000036s
INFO:root:CLIP Embedded Image: 0.016406s
INFO:root:Projector Image model: 0.002290s
INFO:root:get_latent_z: 0.138876s
INFO:root:Embedded Prompt: 0.013412s
INFO:root:Projector state: 0.000186s
INFO:root:Projector action: 0.000147s
INFO:root:Apply model logic: 157.288897s
INFO:root:[INFO] Done image_guided_synthesis_sim_mode function
INFO:root:update condition input w/ populate_queues: 0.000015s
INFO:root:update condition input w/ populate_queues: 0.000005s
INFO:root:update condition input w/ populate_queues: 0.000005s
INFO:root:update condition input w/ populate_queues: 0.000002s
INFO:root:update condition input w/ populate_queues: 0.000006s
INFO:root:update condition input w/ populate_queues: 0.000004s
INFO:root:update condition input w/ populate_queues: 0.000004s
INFO:root:update condition input w/ populate_queues: 0.000004s
INFO:root:update condition input w/ populate_queues: 0.000002s
INFO:root:update condition input w/ populate_queues: 0.000002s
INFO:root:update condition input w/ populate_queues: 0.000002s
INFO:root:update condition input w/ populate_queues: 0.000004s
INFO:root:update condition input w/ populate_queues: 0.000004s
INFO:root:update condition input w/ populate_queues: 0.000004s
INFO:root:update condition input w/ populate_queues: 0.000004s
INFO:root:update condition input w/ populate_queues: 0.000004s
INFO:root:updateing observation by decesion model action output: 0.000723s
>>> Step 9: interacting with world model ...
INFO:root:[INFO] Step 9: interacting with world model ...
INFO:root:[INFO] IN image_guided_synthesis_sim_mode function
INFO:root:init model & noise: 0.594889s
INFO:root:permute image: 0.000030s
INFO:root:rearrange image: 0.000058s
INFO:root:CLIP Embedded Image: 0.017680s
INFO:root:Projector Image model: 0.002302s
INFO:root:get_latent_z: 0.137649s
INFO:root:Embedded Prompt: 0.012151s
INFO:root:Projector state: 0.000170s
INFO:root:Projector action: 0.000141s
INFO:root:Apply model logic: 157.208558s
INFO:root:[INFO] Done image_guided_synthesis_sim_mode function
INFO:root:update condition input w/ populate_queues: 0.000013s
INFO:root:update condition input w/ populate_queues: 0.000010s
INFO:root:update condition input w/ populate_queues: 0.000002s
INFO:root:update condition input w/ populate_queues: 0.000002s
INFO:root:update condition input w/ populate_queues: 0.000002s
INFO:root:update condition input w/ populate_queues: 0.000006s
INFO:root:update condition input w/ populate_queues: 0.000004s
INFO:root:update condition input w/ populate_queues: 0.000005s
INFO:root:update condition input w/ populate_queues: 0.000004s
INFO:root:update condition input w/ populate_queues: 0.000002s
INFO:root:update condition input w/ populate_queues: 0.000002s
INFO:root:update condition input w/ populate_queues: 0.000002s
INFO:root:update condition input w/ populate_queues: 0.000002s
INFO:root:update condition input w/ populate_queues: 0.000005s
INFO:root:update condition input w/ populate_queues: 0.000002s
INFO:root:update condition input w/ populate_queues: 0.000004s
INFO:root:updateing observation by world model state output: 0.000861s
>>>>>>>>>>>>>>>>>>>>>>>>
INFO:root:save output (not nesscary): 2.546321s
INFO:root:insert image into list (video output): 0.010289s
INFO:root:[INFO] start 10/12 n_iter (start with idx:1)
INFO:root:get decision model observation: 0.000132s
>>> Step 10: generating actions ...
INFO:root:[INFO] Step 10: generating actions ...
INFO:root:[INFO] IN image_guided_synthesis_sim_mode function
INFO:root:init model & noise: 0.000125s
INFO:root:permute image: 0.000006s
INFO:root:rearrange image: 0.000059s
INFO:root:CLIP Embedded Image: 0.016738s
INFO:root:Projector Image model: 0.002312s
INFO:root:get_latent_z: 0.138651s
INFO:root:Embedded Prompt: 0.012329s
INFO:root:Projector state: 0.000177s
INFO:root:Projector action: 0.000139s
INFO:root:Apply model logic: 157.357635s
INFO:root:[INFO] Done image_guided_synthesis_sim_mode function
INFO:root:update condition input w/ populate_queues: 0.000015s
INFO:root:update condition input w/ populate_queues: 0.000006s
INFO:root:update condition input w/ populate_queues: 0.000004s
INFO:root:update condition input w/ populate_queues: 0.000002s
INFO:root:update condition input w/ populate_queues: 0.000002s
INFO:root:update condition input w/ populate_queues: 0.000002s
INFO:root:update condition input w/ populate_queues: 0.000002s
INFO:root:update condition input w/ populate_queues: 0.000004s
INFO:root:update condition input w/ populate_queues: 0.000002s
INFO:root:update condition input w/ populate_queues: 0.000002s
INFO:root:update condition input w/ populate_queues: 0.000007s
INFO:root:update condition input w/ populate_queues: 0.000004s
INFO:root:update condition input w/ populate_queues: 0.000004s
INFO:root:update condition input w/ populate_queues: 0.000004s
INFO:root:update condition input w/ populate_queues: 0.000004s
INFO:root:update condition input w/ populate_queues: 0.000005s
INFO:root:updateing observation by decesion model action output: 0.000725s
>>> Step 10: interacting with world model ...
INFO:root:[INFO] Step 10: interacting with world model ...
INFO:root:[INFO] IN image_guided_synthesis_sim_mode function
INFO:root:init model & noise: 0.603033s
INFO:root:permute image: 0.000030s
INFO:root:rearrange image: 0.000057s
INFO:root:CLIP Embedded Image: 0.016594s
INFO:root:Projector Image model: 0.002306s
INFO:root:get_latent_z: 0.137701s
INFO:root:Embedded Prompt: 0.011681s
INFO:root:Projector state: 0.000171s
INFO:root:Projector action: 0.000138s
INFO:root:Apply model logic: 157.255368s
INFO:root:[INFO] Done image_guided_synthesis_sim_mode function
INFO:root:update condition input w/ populate_queues: 0.000016s
INFO:root:update condition input w/ populate_queues: 0.000010s
INFO:root:update condition input w/ populate_queues: 0.000005s
INFO:root:update condition input w/ populate_queues: 0.000003s
INFO:root:update condition input w/ populate_queues: 0.000002s
INFO:root:update condition input w/ populate_queues: 0.000002s
INFO:root:update condition input w/ populate_queues: 0.000002s
INFO:root:update condition input w/ populate_queues: 0.000002s
INFO:root:update condition input w/ populate_queues: 0.000002s
INFO:root:update condition input w/ populate_queues: 0.000005s
INFO:root:update condition input w/ populate_queues: 0.000002s
INFO:root:update condition input w/ populate_queues: 0.000005s
INFO:root:update condition input w/ populate_queues: 0.000002s
INFO:root:update condition input w/ populate_queues: 0.000002s
INFO:root:update condition input w/ populate_queues: 0.000002s
INFO:root:update condition input w/ populate_queues: 0.000002s
INFO:root:updateing observation by world model state output: 0.000852s
>>>>>>>>>>>>>>>>>>>>>>>>
INFO:root:save output (not nesscary): 2.532675s
INFO:root:insert image into list (video output): 0.010436s
INFO:root:[INFO] start 11/12 n_iter (start with idx:1)
INFO:root:get decision model observation: 0.000134s
>>> Step 11: generating actions ...
INFO:root:[INFO] Step 11: generating actions ...
INFO:root:[INFO] IN image_guided_synthesis_sim_mode function
INFO:root:init model & noise: 0.000136s
INFO:root:permute image: 0.000005s
INFO:root:rearrange image: 0.000066s
INFO:root:CLIP Embedded Image: 0.016467s
INFO:root:Projector Image model: 0.002334s
INFO:root:get_latent_z: 0.138968s
INFO:root:Embedded Prompt: 0.012010s
INFO:root:Projector state: 0.000170s
INFO:root:Projector action: 0.000139s
INFO:root:Apply model logic: 157.351671s
INFO:root:[INFO] Done image_guided_synthesis_sim_mode function
INFO:root:update condition input w/ populate_queues: 0.000012s
INFO:root:update condition input w/ populate_queues: 0.000003s
INFO:root:update condition input w/ populate_queues: 0.000003s
INFO:root:update condition input w/ populate_queues: 0.000002s
INFO:root:update condition input w/ populate_queues: 0.000002s
INFO:root:update condition input w/ populate_queues: 0.000002s
INFO:root:update condition input w/ populate_queues: 0.000002s
INFO:root:update condition input w/ populate_queues: 0.000002s
INFO:root:update condition input w/ populate_queues: 0.000007s
INFO:root:update condition input w/ populate_queues: 0.000002s
INFO:root:update condition input w/ populate_queues: 0.000002s
INFO:root:update condition input w/ populate_queues: 0.000002s
INFO:root:update condition input w/ populate_queues: 0.000002s
INFO:root:update condition input w/ populate_queues: 0.000002s
INFO:root:update condition input w/ populate_queues: 0.000005s
INFO:root:update condition input w/ populate_queues: 0.000005s
INFO:root:updateing observation by decesion model action output: 0.000686s
>>> Step 11: interacting with world model ...
INFO:root:[INFO] Step 11: interacting with world model ...
INFO:root:[INFO] IN image_guided_synthesis_sim_mode function
INFO:root:init model & noise: 0.595081s
INFO:root:permute image: 0.000033s
INFO:root:rearrange image: 0.000056s
INFO:root:CLIP Embedded Image: 0.016103s
INFO:root:Projector Image model: 0.002276s
INFO:root:get_latent_z: 0.138526s
INFO:root:Embedded Prompt: 0.011394s
INFO:root:Projector state: 0.000161s
INFO:root:Projector action: 0.000140s
INFO:root:Apply model logic: 157.291114s
INFO:root:[INFO] Done image_guided_synthesis_sim_mode function
INFO:root:update condition input w/ populate_queues: 0.000012s
INFO:root:update condition input w/ populate_queues: 0.000013s
INFO:root:update condition input w/ populate_queues: 0.000005s
INFO:root:update condition input w/ populate_queues: 0.000003s
INFO:root:update condition input w/ populate_queues: 0.000003s
INFO:root:update condition input w/ populate_queues: 0.000007s
INFO:root:update condition input w/ populate_queues: 0.000002s
INFO:root:update condition input w/ populate_queues: 0.000005s
INFO:root:update condition input w/ populate_queues: 0.000004s
INFO:root:update condition input w/ populate_queues: 0.000004s
INFO:root:update condition input w/ populate_queues: 0.000002s
INFO:root:update condition input w/ populate_queues: 0.000002s
INFO:root:update condition input w/ populate_queues: 0.000002s
INFO:root:update condition input w/ populate_queues: 0.000002s
INFO:root:update condition input w/ populate_queues: 0.000002s
INFO:root:update condition input w/ populate_queues: 0.000002s
INFO:root:updateing observation by world model state output: 0.000869s
>>>>>>>>>>>>>>>>>>>>>>>>
INFO:root:save output (not nesscary): 2.561188s
INFO:root:insert image into list (video output): 0.010297s
INFO:root:[INFO] start 12/12 n_iter (start with idx:1)
INFO:root:get decision model observation: 0.000134s
>>> Step 12: generating actions ...
INFO:root:[INFO] Step 12: generating actions ...
INFO:root:[INFO] IN image_guided_synthesis_sim_mode function
INFO:root:init model & noise: 0.000104s
INFO:root:permute image: 0.000005s
INFO:root:rearrange image: 0.000035s
INFO:root:CLIP Embedded Image: 0.016284s
INFO:root:Projector Image model: 0.002529s
INFO:root:get_latent_z: 0.138721s
INFO:root:Embedded Prompt: 0.011919s
INFO:root:Projector state: 0.000161s
INFO:root:Projector action: 0.000134s
INFO:root:Apply model logic: 157.287106s
INFO:root:[INFO] Done image_guided_synthesis_sim_mode function
INFO:root:update condition input w/ populate_queues: 0.000008s
INFO:root:update condition input w/ populate_queues: 0.000003s
INFO:root:update condition input w/ populate_queues: 0.000002s
INFO:root:update condition input w/ populate_queues: 0.000002s
INFO:root:update condition input w/ populate_queues: 0.000003s
INFO:root:update condition input w/ populate_queues: 0.000006s
INFO:root:update condition input w/ populate_queues: 0.000004s
INFO:root:update condition input w/ populate_queues: 0.000011s
INFO:root:update condition input w/ populate_queues: 0.000002s
INFO:root:update condition input w/ populate_queues: 0.000002s
INFO:root:update condition input w/ populate_queues: 0.000002s
INFO:root:update condition input w/ populate_queues: 0.000002s
INFO:root:update condition input w/ populate_queues: 0.000002s
INFO:root:update condition input w/ populate_queues: 0.000002s
INFO:root:update condition input w/ populate_queues: 0.000006s
INFO:root:update condition input w/ populate_queues: 0.000002s
INFO:root:updateing observation by decesion model action output: 0.000710s
>>> Step 12: interacting with world model ...
INFO:root:[INFO] Step 12: interacting with world model ...
INFO:root:[INFO] IN image_guided_synthesis_sim_mode function
INFO:root:init model & noise: 0.604595s
INFO:root:permute image: 0.000028s
INFO:root:rearrange image: 0.000053s
INFO:root:CLIP Embedded Image: 0.016312s
INFO:root:Projector Image model: 0.002281s
INFO:root:get_latent_z: 0.138451s
INFO:root:Embedded Prompt: 0.012011s
INFO:root:Projector state: 0.000158s
INFO:root:Projector action: 0.000134s
INFO:root:Apply model logic: 157.222491s
INFO:root:[INFO] Done image_guided_synthesis_sim_mode function
INFO:root:update condition input w/ populate_queues: 0.000009s
INFO:root:update condition input w/ populate_queues: 0.000009s
INFO:root:update condition input w/ populate_queues: 0.000003s
INFO:root:update condition input w/ populate_queues: 0.000003s
INFO:root:update condition input w/ populate_queues: 0.000005s
INFO:root:update condition input w/ populate_queues: 0.000005s
INFO:root:update condition input w/ populate_queues: 0.000004s
INFO:root:update condition input w/ populate_queues: 0.000002s
INFO:root:update condition input w/ populate_queues: 0.000002s
INFO:root:update condition input w/ populate_queues: 0.000007s
INFO:root:update condition input w/ populate_queues: 0.000002s
INFO:root:update condition input w/ populate_queues: 0.000002s
INFO:root:update condition input w/ populate_queues: 0.000002s
INFO:root:update condition input w/ populate_queues: 0.000002s
INFO:root:update condition input w/ populate_queues: 0.000002s
INFO:root:update condition input w/ populate_queues: 0.000002s
INFO:root:updateing observation by world model state output: 0.000858s
>>>>>>>>>>>>>>>>>>>>>>>>
INFO:root:save output (not nesscary): 2.492666s
INFO:root:insert image into list (video output): 0.010010s
INFO:root:concat image into video: 0.036738s
INFO:root:save the video: 2.610653s
All jobs completed!
