Switching to group 'render' and re-executing...
True
Checking GPU Availability...
Torch version: 2.9.1+rocm7.1.1.git351ff442
Is ROCm/CUDA available?: True
Device count: 1
/var/spool/slurm/slurmd/job02842/slurm_script: line 43: module: command not found
-------------------------------------------
Processing dataset: unitree_z1_stackbox
2026-02-07 13:47:39.995710: I tensorflow/core/util/port.cc:113] oneDNN custom operations are on. You may see slightly different numerical results due to floating-point round-off errors from different computation orders. To turn them off, set the environment variable `TF_ENABLE_ONEDNN_OPTS=0`.
2026-02-07 13:47:41.554084: E external/local_xla/xla/stream_executor/cuda/cuda_dnn.cc:9261] Unable to register cuDNN factory: Attempting to register factory for plugin cuDNN when one has already been registered
2026-02-07 13:47:41.554154: E external/local_xla/xla/stream_executor/cuda/cuda_fft.cc:607] Unable to register cuFFT factory: Attempting to register factory for plugin cuFFT when one has already been registered
2026-02-07 13:47:41.578732: E external/local_xla/xla/stream_executor/cuda/cuda_blas.cc:1515] Unable to register cuBLAS factory: Attempting to register factory for plugin cuBLAS when one has already been registered
2026-02-07 13:47:41.841300: I tensorflow/core/platform/cpu_feature_guard.cc:182] This TensorFlow binary is optimized to use available CPU instructions in performance-critical operations.
To enable the following instructions: AVX2 AVX512F AVX512_VNNI AVX512_BF16 FMA, in other operations, rebuild TensorFlow with the appropriate compiler flags.
2026-02-07 13:47:49.909267: W tensorflow/compiler/tf2tensorrt/utils/py_utils.cc:38] TF-TRT Warning: Could not find TensorRT
Traceback (most recent call last):
  File "/mnt/ASC1664/unifolm-wma-0-dual_run_workspace/unifolm-world-model-action/scripts/evaluation/world_model_interaction.py", line 25, in <module>
    from unifolm_wma.models.samplers.ddim import DDIMSampler
  File "/mnt/ASC1664/unifolm-wma-0-dual_run_workspace/unifolm-world-model-action/src/unifolm_wma/models/samplers/ddim.py", line 13, in <module>
    @contextmanager  
NameError: name 'contextmanager' is not defined
All jobs completed!
