Switching to group 'render' and re-executing...
True
Checking GPU Availability...
Torch version: 2.9.1+rocm7.1.1.git351ff442
Is ROCm/CUDA available?: True
Device count: 1
/var/spool/slurm/slurmd/job02852/slurm_script: line 43: module: command not found
-------------------------------------------
Processing dataset: unitree_z1_stackbox
2026-02-07 14:01:06.087913: I tensorflow/core/util/port.cc:113] oneDNN custom operations are on. You may see slightly different numerical results due to floating-point round-off errors from different computation orders. To turn them off, set the environment variable `TF_ENABLE_ONEDNN_OPTS=0`.
2026-02-07 14:01:06.130258: E external/local_xla/xla/stream_executor/cuda/cuda_dnn.cc:9261] Unable to register cuDNN factory: Attempting to register factory for plugin cuDNN when one has already been registered
2026-02-07 14:01:06.130306: E external/local_xla/xla/stream_executor/cuda/cuda_fft.cc:607] Unable to register cuFFT factory: Attempting to register factory for plugin cuFFT when one has already been registered
2026-02-07 14:01:06.132190: E external/local_xla/xla/stream_executor/cuda/cuda_blas.cc:1515] Unable to register cuBLAS factory: Attempting to register factory for plugin cuBLAS when one has already been registered
2026-02-07 14:01:06.140665: I tensorflow/core/platform/cpu_feature_guard.cc:182] This TensorFlow binary is optimized to use available CPU instructions in performance-critical operations.
To enable the following instructions: AVX2 AVX512F AVX512_VNNI AVX512_BF16 FMA, in other operations, rebuild TensorFlow with the appropriate compiler flags.
2026-02-07 14:01:06.780172: W tensorflow/compiler/tf2tensorrt/utils/py_utils.cc:38] TF-TRT Warning: Could not find TensorRT
[rank: 0] Global seed set to 123
Traceback (most recent call last):
  File "/mnt/ASC1664/unifolm-wma-0-dual_run_workspace/unifolm-world-model-action/scripts/evaluation/world_model_interaction.py", line 927, in <module>
    run_inference(args, gpu_num, rank, multi_gpu)
NameError: name 'multi_gpu' is not defined
All jobs completed!
