Switching to group 'render' and re-executing...
True
Checking GPU Availability...
Torch version: 2.9.1+rocm7.1.1.git351ff442
Is ROCm/CUDA available?: True
Device count: 1
/var/spool/slurm/slurmd/job02883/slurm_script: line 43: module: command not found
-------------------------------------------
Processing dataset: unitree_z1_stackbox
2026-02-07 14:53:23.641462: I tensorflow/core/util/port.cc:113] oneDNN custom operations are on. You may see slightly different numerical results due to floating-point round-off errors from different computation orders. To turn them off, set the environment variable `TF_ENABLE_ONEDNN_OPTS=0`.
2026-02-07 14:53:23.677246: E external/local_xla/xla/stream_executor/cuda/cuda_dnn.cc:9261] Unable to register cuDNN factory: Attempting to register factory for plugin cuDNN when one has already been registered
2026-02-07 14:53:23.677292: E external/local_xla/xla/stream_executor/cuda/cuda_fft.cc:607] Unable to register cuFFT factory: Attempting to register factory for plugin cuFFT when one has already been registered
2026-02-07 14:53:23.679207: E external/local_xla/xla/stream_executor/cuda/cuda_blas.cc:1515] Unable to register cuBLAS factory: Attempting to register factory for plugin cuBLAS when one has already been registered
2026-02-07 14:53:23.688146: I tensorflow/core/platform/cpu_feature_guard.cc:182] This TensorFlow binary is optimized to use available CPU instructions in performance-critical operations.
To enable the following instructions: AVX2 AVX512F AVX512_VNNI AVX512_BF16 FMA, in other operations, rebuild TensorFlow with the appropriate compiler flags.
2026-02-07 14:53:24.304491: W tensorflow/compiler/tf2tensorrt/utils/py_utils.cc:38] TF-TRT Warning: Could not find TensorRT
[rank: 0] Global seed set to 123
INFO:root:[INFO] Start Inference
INFO:root:init valueable: 0.006880s
/mnt/ASC1664/miniconda3/envs/unifolm-wma/lib/python3.10/site-packages/kornia/feature/lightglue.py:44: FutureWarning: `torch.cuda.amp.custom_fwd(args...)` is deprecated. Please use `torch.amp.custom_fwd(args..., device_type='cuda')` instead.
  @torch.cuda.amp.custom_fwd(cast_inputs=torch.float32)
INFO:mainlogger:LatentVisualDiffusion: Running in v-prediction mode
WARNING:xformers:WARNING[XFORMERS]: xFormers can't load C++/CUDA extensions. xFormers was built for:
    PyTorch 2.3.1+cu121 with CUDA 1201 (you have 2.9.1+rocm7.1.1.git351ff442)
    Python  3.10.14 (you have 3.10.18)
  Please reinstall xformers (see https://github.com/facebookresearch/xformers#installing-xformers)
  Memory-efficient attention, SwiGLU, sparse and more won't be available.
  Set XFORMERS_MORE_DETAILS=1 for more details
/mnt/ASC1664/miniconda3/envs/unifolm-wma/lib/python3.10/site-packages/xformers/ops/swiglu_op.py:128: FutureWarning: `torch.cuda.amp.custom_fwd(args...)` is deprecated. Please use `torch.amp.custom_fwd(args..., device_type='cuda')` instead.
  def forward(cls, ctx, x, w1, b1, w2, b2, w3, b3):
/mnt/ASC1664/miniconda3/envs/unifolm-wma/lib/python3.10/site-packages/xformers/ops/swiglu_op.py:149: FutureWarning: `torch.cuda.amp.custom_bwd(args...)` is deprecated. Please use `torch.amp.custom_bwd(args..., device_type='cuda')` instead.
  def backward(cls, ctx, dx5):
INFO:unifolm_wma.models.diffusion_head.conditional_unet1d:number of parameters: 5.010531e+08
INFO:unifolm_wma.models.diffusion_head.conditional_unet1d:number of parameters: 5.010531e+08
AE working on z of shape (1, 4, 32, 32) = 4096 dimensions.
INFO:root:Loaded ViT-H-14 model config.
INFO:root:Loaded ViT-H-14 model config.
INFO:root:load models: 32.396886s
Traceback (most recent call last):
  File "/mnt/ASC1664/unifolm-wma-0-dual_run_workspace/unifolm-world-model-action/scripts/evaluation/world_model_interaction.py", line 932, in <module>
    run_inference(args, gpu_num, rank)
  File "/mnt/ASC1664/unifolm-wma-0-dual_run_workspace/unifolm-world-model-action/scripts/evaluation/world_model_interaction.py", line 540, in run_inference
    assert os.path.exists(args.ckpt_path), "Error: checkpoint Not Found!"
AssertionError: Error: checkpoint Not Found!
All jobs completed!
