Switching to group 'render' and re-executing...
True
Checking GPU Availability...
Torch version: 2.9.1+rocm7.1.1.git351ff442
Is ROCm/CUDA available?: True
Device count: 1
/var/spool/slurm/slurmd/job03060/slurm_script: line 44: module: command not found
-------------------------------------------
Processing dataset: unitree_z1_stackbox
2026-02-09 08:36:51.968087: I tensorflow/core/util/port.cc:113] oneDNN custom operations are on. You may see slightly different numerical results due to floating-point round-off errors from different computation orders. To turn them off, set the environment variable `TF_ENABLE_ONEDNN_OPTS=0`.
2026-02-09 08:36:52.021160: E external/local_xla/xla/stream_executor/cuda/cuda_dnn.cc:9261] Unable to register cuDNN factory: Attempting to register factory for plugin cuDNN when one has already been registered
2026-02-09 08:36:52.042187: E external/local_xla/xla/stream_executor/cuda/cuda_fft.cc:607] Unable to register cuFFT factory: Attempting to register factory for plugin cuFFT when one has already been registered
2026-02-09 08:36:52.049565: E external/local_xla/xla/stream_executor/cuda/cuda_blas.cc:1515] Unable to register cuBLAS factory: Attempting to register factory for plugin cuBLAS when one has already been registered
2026-02-09 08:36:52.063002: I tensorflow/core/platform/cpu_feature_guard.cc:182] This TensorFlow binary is optimized to use available CPU instructions in performance-critical operations.
To enable the following instructions: AVX2 AVX512F AVX512_VNNI AVX512_BF16 FMA, in other operations, rebuild TensorFlow with the appropriate compiler flags.
2026-02-09 08:36:53.423012: W tensorflow/compiler/tf2tensorrt/utils/py_utils.cc:38] TF-TRT Warning: Could not find TensorRT
[rank: 0] Global seed set to 123
Nvidia GPU detected!
Total visible GPUs: 1
--- GPU 0 ---
Name: AMD Radeon PRO W7900D
Total memory: 49136 MB
it's find only 1 gpus can't do multi gpu
still run it's any ways
INFO:root:[INFO] Start Inference
INFO:root:init valueable: 0.008708s
INFO:root:load models: 0.036699s
Traceback (most recent call last):
  File "/mnt/ASC1664/unifolm-wma-0-dual_run_workspace/unifolm-world-model-action/scripts/evaluation/world_model_interaction.py", line 957, in <module>
    run_inference(args, gpu_num, rank, "None")
  File "/mnt/ASC1664/unifolm-wma-0-dual_run_workspace/unifolm-world-model-action/scripts/evaluation/world_model_interaction.py", line 510, in run_inference
    model = instantiate_from_config(config.model)
  File "/mnt/ASC1664/unifolm-wma-0-dual_run_workspace/unifolm-world-model-action/src/unifolm_wma/utils/utils.py", line 36, in instantiate_from_config
    return get_obj_from_str(config["target"])(**config.get("params", dict()))
  File "/mnt/ASC1664/unifolm-wma-0-dual_run_workspace/unifolm-world-model-action/src/unifolm_wma/utils/utils.py", line 44, in get_obj_from_str
    return getattr(importlib.import_module(module, package=None), cls)
  File "/mnt/ASC1664/miniconda3/envs/unifolm-wma/lib/python3.10/importlib/__init__.py", line 126, in import_module
    return _bootstrap._gcd_import(name[level:], package, level)
  File "<frozen importlib._bootstrap>", line 1050, in _gcd_import
  File "<frozen importlib._bootstrap>", line 1027, in _find_and_load
  File "<frozen importlib._bootstrap>", line 1006, in _find_and_load_unlocked
  File "<frozen importlib._bootstrap>", line 688, in _load_unlocked
  File "<frozen importlib._bootstrap_external>", line 883, in exec_module
  File "<frozen importlib._bootstrap>", line 241, in _call_with_frames_removed
  File "/mnt/ASC1664/unifolm-wma-0-dual_run_workspace/unifolm-world-model-action/src/unifolm_wma/models/ddpms.py", line 20, in <module>
    from functools import partialc
ImportError: cannot import name 'partialc' from 'functools' (/mnt/ASC1664/miniconda3/envs/unifolm-wma/lib/python3.10/functools.py)
All jobs completed!
